0 info it worked if it ends with ok
1 verbose cli [ 'nodejs', '/usr/bin/npm', 'install' ]
2 info using npm@1.1.69
3 info using node@v0.8.16
4 verbose read json /home/johny/package.json
5 error install Couldn't read dependencies
6 error Error: ENOENT, open '/home/johny/package.json'
7 error If you need help, you may report this log at:
7 error     <http://github.com/isaacs/npm/issues>
7 error or email it to:
7 error     <npm-@googlegroups.com>
8 error System Linux 3.2.0-34-generic-pae
9 error command "nodejs" "/usr/bin/npm" "install"
10 error cwd /home/johny/dev/nodejs/smashing_nodejs/websocket
11 error node -v v0.8.16
12 error npm -v 1.1.69
13 error path /home/johny/package.json
14 error code ENOENT
15 error errno 34
16 verbose exit [ 34, true ]
